<?xml version="1.0" encoding="UTF-8"?>
<robot generator="Robot 7.2.2 (Python 3.13.2 on win32)" generated="2025-02-25T16:43:42.461835" rpa="false" schemaversion="5">
<suite id="s1" name="testeAppium" source="C:\Users\lucas\OneDrive\Documents\git\Automacao_Mobile\Tests\testeAppium.robot">
<kw name="Abrir o aplicativo Senff" owner="teste" type="SETUP">
<kw name="Open Application" owner="AppiumLibrary">
<arg>http://localhost:4723/wd/hub</arg>
<arg>platformName=Android</arg>
<arg>platformVersion=15</arg>
<arg>deviceName=appPackage</arg>
<arg>appPackage=br.inf.rmi.senff</arg>
<arg>appActivity=.application.version.ForceUpdateActivity</arg>
<doc>Opens a new application to given Appium server.
Capabilities of appium server, Android and iOS,
Please check https://appium.io/docs/en/2.1/cli/args/
| *Option*            | *Man.* | *Description*     |
| remote_url          | Yes    | Appium server url |
| alias               | no     | alias             |
| strict_ssl          | No     | allows you to send commands to an invalid certificate host like a self-signed one. |</doc>
<status status="PASS" start="2025-02-25T16:43:42.643478" elapsed="8.113795"/>
</kw>
<status status="PASS" start="2025-02-25T16:43:42.643081" elapsed="8.114322"/>
</kw>
<test id="s1-t1" name="Cenário 01: Aceitações" line="10">
<kw name="Dado que estou com a janela de Permissões aberta do aplicativo da Senff" owner="teste">
<kw name="Element Should Contain Text" owner="AppiumLibrary">
<msg time="2025-02-25T16:43:50.758263" level="FAIL">Keyword 'AppiumLibrary.Element Should Contain Text' expected 2 to 3 arguments, got 1.</msg>
<arg>Para sua segurança, uma atualização obrigatória deve ser feita</arg>
<doc>Verifies element identified by ``locator`` contains text ``expected``.</doc>
<status status="FAIL" start="2025-02-25T16:43:50.758159" elapsed="0.000144">Keyword 'AppiumLibrary.Element Should Contain Text' expected 2 to 3 arguments, got 1.</status>
</kw>
<status status="FAIL" start="2025-02-25T16:43:50.757928" elapsed="0.000476">Keyword 'AppiumLibrary.Element Should Contain Text' expected 2 to 3 arguments, got 1.</status>
</kw>
<tag>Funcional</tag>
<status status="FAIL" start="2025-02-25T16:43:50.757479" elapsed="0.001103">Keyword 'AppiumLibrary.Element Should Contain Text' expected 2 to 3 arguments, got 1.</status>
</test>
<doc>Essa suíte testa o aplicativo da Senff</doc>
<status status="FAIL" start="2025-02-25T16:43:42.463198" elapsed="8.295987"/>
</suite>
<statistics>
<total>
<stat pass="0" fail="1" skip="0">All Tests</stat>
</total>
<tag>
<stat pass="0" fail="1" skip="0">Funcional</stat>
</tag>
<suite>
<stat name="testeAppium" id="s1" pass="0" fail="1" skip="0">testeAppium</stat>
</suite>
</statistics>
<errors>
</errors>
</robot>
